<?xml version="1.0" encoding="UTF-8"?>
<!-- Generated by org.testng.reporters.JUnitReportReporter -->
<testsuite hostname="DESKTOP-KJAO46U" failures="0" tests="1" name="tutorial.excercies.StarterTestNg" time="0.005" errors="0" timestamp="2021-09-11T16:59:11 ICT" skipped="0">
  <testcase classname="tutorial.excercies.StarterTestNg" name="f" time="0.005"/>
  <system-out/>
</testsuite> <!-- tutorial.excercies.StarterTestNg -->
