<?xml version="1.0" encoding="UTF-8"?>
<!-- Generated by org.testng.reporters.JUnitReportReporter -->
<testsuite hostname="DESKTOP-KJAO46U" failures="0" tests="2" name="tutorial.excercies.ecommerce_03" time="51.493" errors="0" timestamp="2021-09-11T19:40:07 ICT" skipped="0">
  <testcase classname="tutorial.excercies.ecommerce_03" name="f1" time="16.069"/>
  <system-out/>
  <testcase classname="tutorial.excercies.ecommerce_03" name="f2" time="35.424"/>
  <system-out/>
</testsuite> <!-- tutorial.excercies.ecommerce_03 -->
