<?xml version="1.0" encoding="UTF-8"?>
<!-- Generated by org.testng.reporters.JUnitReportReporter -->
<testsuite hostname="DESKTOP-KJAO46U" failures="0" tests="4" name="tutorial.excercies.ecommerce_05" time="82.738" errors="0" timestamp="2021-09-12T16:45:36 ICT" skipped="0">
  <testcase classname="tutorial.excercies.ecommerce_05" name="f2" time="9.689"/>
  <system-out/>
  <testcase classname="tutorial.excercies.ecommerce_05" name="f4" time="38.343"/>
  <system-out/>
  <testcase classname="tutorial.excercies.ecommerce_05" name="f1" time="15.425"/>
  <system-out/>
  <testcase classname="tutorial.excercies.ecommerce_05" name="f3" time="19.281"/>
  <system-out/>
</testsuite> <!-- tutorial.excercies.ecommerce_05 -->
