<?xml version="1.0" encoding="UTF-8"?>
<!-- Generated by org.testng.reporters.JUnitReportReporter -->
<testsuite hostname="DESKTOP-KJAO46U" failures="0" tests="3" name="tutorials.section09.MobileChromeAutomationWithAppium.example_02" time="66.336" errors="0" timestamp="2021-09-22T02:21:42 ICT" skipped="0">
  <testcase classname="tutorials.section09.MobileChromeAutomationWithAppium.example_02" name="checkUserEmpty" time="25.478"/>
  <system-out/>
  <testcase classname="tutorials.section09.MobileChromeAutomationWithAppium.example_02" name="checkPassworkdEmpty" time="21.232"/>
  <system-out/>
  <testcase classname="tutorials.section09.MobileChromeAutomationWithAppium.example_02" name="checkOther" time="19.626"/>
  <system-out/>
</testsuite> <!-- tutorials.section09.MobileChromeAutomationWithAppium.example_02 -->
