<?xml version="1.0" encoding="UTF-8"?>
<!-- Generated by org.testng.reporters.JUnitReportReporter -->
<testsuite hostname="DESKTOP-KJAO46U" failures="0" tests="1" name="tutorial.excercies.ecommerce_04" time="2.718" errors="0" timestamp="2021-09-12T03:42:17 ICT" skipped="0">
  <testcase classname="tutorial.excercies.ecommerce_04" name="f3" time="2.718"/>
  <system-out/>
</testsuite> <!-- tutorial.excercies.ecommerce_04 -->
